<?xml version="1.0" encoding="UTF-8"?>
<!-- Generated by org.testng.reporters.JUnitReportReporter -->
<testsuite hostname="DESKTOP-D4H6QD2" failures="0" tests="2" name="com.saucedemo.runners.TestRunner" time="12.833" errors="0" timestamp="2025-05-11T23:11:33 EDT" skipped="0">
  <testcase classname="com.saucedemo.runners.TestRunner" name="runScenario" time="5.502"/>
  <testcase classname="com.saucedemo.runners.TestRunner" name="runScenario" time="7.331"/>
</testsuite> <!-- com.saucedemo.runners.TestRunner -->
